GROUP,PACKAGE,CLASS,INSTRUCTION_MISSED,INSTRUCTION_COVERED,BRANCH_MISSED,BRANCH_COVERED,LINE_MISSED,LINE_COVERED,COMPLEXITY_MISSED,COMPLEXITY_COVERED,METHOD_MISSED,METHOD_COVERED
emp-managment,com.mt.emp.model,EmployeeModel,0,38,0,0,0,16,0,11,0,11
emp-managment,com.mt.emp.controller,EmployeeController,25,88,3,3,5,25,3,6,0,6
emp-managment,com.mt.emp.service,EmployeeService,0,35,0,0,0,12,0,6,0,6
emp-managment,com.mt.emp.dao,EmployeeDAO,5,129,1,5,1,33,1,7,0,5
emp-managment,com.mt.emp.exception,EmployeeNotFoundException,0,4,0,0,0,2,0,1,0,1
